<?xml version="1.0" encoding="UTF-8"?>
<beans xmlns:xsi="http://www.w3.org/2001/XMLSchema-instance"
       xmlns:int="http://www.springframework.org/schema/integration"
       xmlns:int-jms="http://www.springframework.org/schema/integration/jms"
       xmlns="http://www.springframework.org/schema/beans"
       xsi:schemaLocation="http://www.springframework.org/schema/beans
  http://www.springframework.org/schema/beans/spring-beans-4.2.xsd
  http://www.springframework.org/schema/integration http://www.springframework.org/schema/integration/spring-integration.xsd
  http://www.springframework.org/schema/integration/jms
  http://www.springframework.org/schema/integration/jms/spring-integration-jms.xsd" >

    <!-- Message listener on ActiveMQ.DLQ in VM memory -->
    <bean id="activeMQListenerContainer"
          class="org.springframework.jms.listener.DefaultMessageListenerContainer">
        <property name="connectionFactory" ref="connectionFactory" />
        <property name="destinationName" value="ActiveMQ.DLQ" />
        <property name="maxConcurrentConsumers" value="1" />
        <property name="concurrentConsumers" value="1" />
        <property name="autoStartup" value="true" />
    </bean>

    <!-- Setup Input channel to receive failed messages-->
    <int:channel id="activeMQDLQXml">
        <int:queue capacity="1" />
    </int:channel>

    <!-- Adapter listening on JMS queue to check for failed messages -->
    <int-jms:message-driven-channel-adapter
            id="jmsDLQIn" container="activeMQListenerContainer" channel="activeMQDLQXml"/>

    <bean id="actionFeedbackJMSQueue" class="org.apache.activemq.command.ActiveMQQueue">
        <constructor-arg value="Action.Feedback"/>
    </bean>

    <int:channel id="testOutbound" />

    <int-jms:outbound-channel-adapter id="jmsout" channel="testOutbound" destination="actionFeedbackJMSQueue"/>

    <!-- ServiceActivator(inputChannel = "actionFeedbackTransformed")  -->
    <bean id="actionFeedbackReceiver" class="uk.gov.ons.ctp.response.action.message.impl.ActionFeedbackReceiverImpl"/>
    <int:service-activator input-channel="actionFeedbackTransformed" ref="actionFeedbackReceiver"/>

    <bean id="appConfig" class="org.mockito.Mockito" factory-method="mock">
        <constructor-arg value="uk.gov.ons.ctp.response.action.config.AppConfig"/>
    </bean>

    <bean id="objectMapper" class="org.mockito.Mockito" factory-method="mock">
        <constructor-arg value="com.fasterxml.jackson.databind.ObjectMapper"/>
    </bean>

    <bean id="caseSvcClient" class="org.mockito.Mockito" factory-method="mock">
        <constructor-arg value="uk.gov.ons.ctp.common.rest.RestClient"/>
    </bean>

    <bean id="caseSvcClientService" class="org.mockito.Mockito" factory-method="mock">
        <constructor-arg value="uk.gov.ons.ctp.response.action.service.impl.CaseSvcClientServiceImpl"/>
    </bean>

    <bean id="actionRepo" class="org.mockito.Mockito" factory-method="mock">
        <constructor-arg value="uk.gov.ons.ctp.response.action.domain.repository.ActionRepository"/>
    </bean>

    <bean id="actionSvcStateTransitionManager" class="org.mockito.Mockito" factory-method="mock">
        <constructor-arg value="uk.gov.ons.ctp.common.state.StateTransitionManager"/>
    </bean>

    <bean id="feedbackService" class="org.mockito.Mockito" factory-method="mock">
        <constructor-arg value="uk.gov.ons.ctp.response.action.service.impl.FeedbackServiceImpl"/>
    </bean>
</beans>

