<?xml version="1.0" encoding="UTF-8"?>
<beans xmlns="http://www.springframework.org/schema/beans"
 xmlns:xsi="http://www.w3.org/2001/XMLSchema-instance"
 xmlns:int="http://www.springframework.org/schema/integration"
 xmlns:int-jms="http://www.springframework.org/schema/integration/jms"
 xsi:schemaLocation="http://www.springframework.org/schema/beans
  http://www.springframework.org/schema/beans/spring-beans-4.2.xsd
  http://www.springframework.org/schema/integration http://www.springframework.org/schema/integration/spring-integration.xsd
  http://www.springframework.org/schema/integration/jms
  http://www.springframework.org/schema/integration/jms/spring-integration-jms.xsd" >

  <!-- Message listener on ActiveMQ.DLQ in VM memory -->
  <bean id="activeMQListenerContainer"
        class="org.springframework.jms.listener.DefaultMessageListenerContainer">
    <property name="connectionFactory" ref="connectionFactory" />
    <property name="destinationName" value="ActiveMQ.DLQ" />
    <property name="maxConcurrentConsumers" value="1" />
    <property name="concurrentConsumers" value="1" />
    <property name="autoStartup" value="true" />
  </bean>

  <!-- Setup Input channel to receive failed messages-->
  <int:channel id="activeMQDLQXml">
    <int:queue capacity="1" />
  </int:channel>

  <!-- Adapter listening on JMS queue to check for failed messages -->
  <int-jms:message-driven-channel-adapter
    id="jmsIn" container="activeMQListenerContainer" channel="activeMQDLQXml"/>

  <bean id="caseNotificationJMSQueue" class="org.apache.activemq.command.ActiveMQQueue">
    <constructor-arg value="Case.LifecycleEvents"/>
  </bean>

  <int:channel id="testOutbound" />

  <int-jms:outbound-channel-adapter id="jmsout" channel="testOutbound" destination="caseNotificationJMSQueue"/>

  <!-- ServiceActivator(inputChannel = "notificationTransformed")  -->
  <bean id="notificationReceiver" class="uk.gov.ons.ctp.response.action.message.impl.CaseNotificationReceiverImpl"/>
  <int:service-activator input-channel="notificationTransformed" ref="notificationReceiver"/>

  <bean id="notificationService" class="org.mockito.Mockito" factory-method="mock"  >
    <constructor-arg value="uk.gov.ons.ctp.response.action.service.impl.CaseNotificationServiceImpl" />
  </bean>

  <bean id="notificationActionCaseRepository" class="org.mockito.Mockito" factory-method="mock"  >
    <constructor-arg value="uk.gov.ons.ctp.response.action.domain.repository.ActionCaseRepository" />
  </bean>

  <bean id="notificationActionPlanRepository" class="org.mockito.Mockito" factory-method="mock"  >
    <constructor-arg value="uk.gov.ons.ctp.response.action.domain.repository.ActionPlanRepository" />
  </bean>

  <bean id="notificationActionService" class="org.mockito.Mockito" factory-method="mock"  >
    <constructor-arg value="uk.gov.ons.ctp.response.action.service.impl.ActionServiceImpl" />
  </bean>

  <bean id="notificationSurveyRepository" class="org.mockito.Mockito" factory-method="mock"  >
    <constructor-arg value="uk.gov.ons.ctp.response.action.domain.repository.SurveyRepository" />
  </bean>

  <bean id="notificationActionRepository" class="org.mockito.Mockito" factory-method="mock"  >
    <constructor-arg value="uk.gov.ons.ctp.response.action.domain.repository.ActionRepository" />
  </bean>

  <bean id="notificationActionTypeRepository" class="org.mockito.Mockito" factory-method="mock"  >
    <constructor-arg value="uk.gov.ons.ctp.response.action.domain.repository.ActionTypeRepository" />
  </bean>

  <bean id="notificationStateTransitionManager" class="org.mockito.Mockito" factory-method="mock"  >
    <constructor-arg value="uk.gov.ons.ctp.common.state.StateTransitionManager" />
  </bean>
</beans>
